synthesis:  version Radiant Software (64-bit) 2.2.1.239.2

Copyright (c) 1991-1994 by NeoCAD Inc. All rights reserved.
Copyright (c) 1995 AT&T Corp.   All rights reserved.
Copyright (c) 1995-2001 Lucent Technologies Inc.  All rights reserved.
Copyright (c) 2001 Agere Systems   All rights reserved.
Copyright (c) 2002-2020 Lattice Semiconductor Corporation,  All rights reserved.
Tue May  4 16:03:40 2021


Command Line:  C:\lscc\radiant\2.2\ispfpga\bin\nt64\synthesis.exe -f SPI_impl_1_lattice.synproj -gui -msgset C:/Users/fonar/Documents/CS Remote/es4/fpga_spi_peripheral/SPI/promote.xml 

Synthesis options:
The -a option is iCE40UP.
The -t option is SG48.
The -sp option is High-Performance_1.2V.
The -p option is iCE40UP5K.
                                                          


##########################################################


### Lattice Family     : iCE40UP


### Device             : iCE40UP5K


### Package            : SG48


### Performance Grade  : High-Performance_1.2V


                                                         


INFO - synthesis: User-Selected Strategy Settings
Optimization goal = Area
Top-level module name = peripheral.
Target frequency = 1.000000 MHz.
Maximum fanout = 1000.
Timing path count = 3
RWCheckOnRam = 0

BRAM utilization = 100.000000 %
DSP usage = true
DSP utilization = 100.000000 %
fsm_encoding_style = auto
resolve_mixed_drivers = 0
fix_gated_clocks = 1


Mux style = auto (Default)
Use Carry Chain = true
carry_chain_length = 0
Loop Limit = 1950.
Use IO Insertion = TRUE
Use IO Reg = AUTO

Resource Sharing = TRUE
Propagate Constants = TRUE
Remove Duplicate Registers = TRUE
Output HDL file name = SPI_impl_1.vm.
ROM style = auto
RAM style = auto
The -comp option is FALSE.
The -syn option is FALSE.
-sdc option: SDC file input is C:/Users/fonar/Documents/CS Remote/es4/fpga_spi_peripheral/SPI/source/impl_1/impl_1.ldc.
-vh2008

-path C:/Users/fonar/Documents/CS Remote/es4/fpga_spi_peripheral/SPI (searchpath added)
-path C:/Users/fonar/Documents/CS Remote/es4/fpga_spi_peripheral/SPI/impl_1 (searchpath added)
-path C:/lscc/radiant/2.2/ispfpga/ice40tp/data (searchpath added)
Mixed language design
Verilog design file = C:/lscc/radiant/2.2/ip/pmi/pmi_iCE40UP.v
VHDL library = pmi
VHDL design file = C:/lscc/radiant/2.2/ip/pmi/pmi_iCE40UP.vhd
VHDL library = work
VHDL design file = C:/Users/fonar/Documents/CS Remote/es4/fpga_spi_peripheral/SPI/source/impl_1/spi_peripheral.vhd
The -r option is OFF. [ Remove LOC Properties is OFF. ]
Compile design.
Compile Design Begin
Analyzing Verilog file c:/lscc/radiant/2.2/ip/pmi/pmi_ice40up.v. VERI-1482
INFO - synthesis: c:/lscc/radiant/2.2/ip/pmi/pmi_ice40up.v(1): analyzing included file c:/lscc/radiant/2.2/ip/pmi/pmi_addsub.v. VERI-1328
INFO - synthesis: c:/lscc/radiant/2.2/ip/pmi/pmi_addsub.v(40): analyzing included file c:/lscc/radiant/2.2/ip/pmi/../common/adder_subtractor/rtl/lscc_add_sub.v. VERI-1328
INFO - synthesis: c:/lscc/radiant/2.2/ip/pmi/pmi_ice40up.v(2): analyzing included file c:/lscc/radiant/2.2/ip/pmi/pmi_add.v. VERI-1328
INFO - synthesis: c:/lscc/radiant/2.2/ip/pmi/pmi_add.v(50): analyzing included file c:/lscc/radiant/2.2/ip/pmi/../common/adder/rtl/lscc_adder.v. VERI-1328
INFO - synthesis: c:/lscc/radiant/2.2/ip/pmi/pmi_ice40up.v(3): analyzing included file c:/lscc/radiant/2.2/ip/pmi/pmi_complex_mult.v. VERI-1328
INFO - synthesis: c:/lscc/radiant/2.2/ip/pmi/pmi_complex_mult.v(52): analyzing included file c:/lscc/radiant/2.2/ip/pmi/../common/complex_mult/rtl/lscc_complex_mult.v. VERI-1328
INFO - synthesis: c:/lscc/radiant/2.2/ip/pmi/pmi_ice40up.v(4): analyzing included file c:/lscc/radiant/2.2/ip/pmi/pmi_counter.v. VERI-1328
INFO - synthesis: c:/lscc/radiant/2.2/ip/pmi/pmi_counter.v(39): analyzing included file c:/lscc/radiant/2.2/ip/pmi/../common/counter/rtl/lscc_cntr.v. VERI-1328
INFO - synthesis: c:/lscc/radiant/2.2/ip/pmi/pmi_ice40up.v(5): analyzing included file c:/lscc/radiant/2.2/ip/pmi/pmi_fifo.v. VERI-1328
INFO - synthesis: c:/lscc/radiant/2.2/ip/pmi/pmi_fifo.v(44): analyzing included file c:/lscc/radiant/2.2/ip/pmi/../common/fifo/rtl/lscc_fifo.v. VERI-1328
INFO - synthesis: c:/lscc/radiant/2.2/ip/pmi/pmi_ice40up.v(6): analyzing included file c:/lscc/radiant/2.2/ip/pmi/pmi_fifo_dc.v. VERI-1328
INFO - synthesis: c:/lscc/radiant/2.2/ip/pmi/pmi_fifo_dc.v(47): analyzing included file c:/lscc/radiant/2.2/ip/pmi/../common/fifo_dc/rtl/lscc_fifo_dc.v. VERI-1328
INFO - synthesis: c:/lscc/radiant/2.2/ip/pmi/pmi_ice40up.v(7): analyzing included file c:/lscc/radiant/2.2/ip/pmi/pmi_mac.v. VERI-1328
INFO - synthesis: c:/lscc/radiant/2.2/ip/pmi/pmi_mac.v(52): analyzing included file c:/lscc/radiant/2.2/ip/pmi/../common/mult_accumulate/rtl/lscc_mult_accumulate.v. VERI-1328
INFO - synthesis: c:/lscc/radiant/2.2/ip/pmi/pmi_ice40up.v(8): analyzing included file c:/lscc/radiant/2.2/ip/pmi/pmi_multaddsubsum.v. VERI-1328
INFO - synthesis: c:/lscc/radiant/2.2/ip/pmi/pmi_multaddsubsum.v(53): analyzing included file c:/lscc/radiant/2.2/ip/pmi/../common/mult_add_sub_sum/rtl/lscc_mult_add_sub_sum.v. VERI-1328
INFO - synthesis: c:/lscc/radiant/2.2/ip/pmi/pmi_ice40up.v(9): analyzing included file c:/lscc/radiant/2.2/ip/pmi/pmi_multaddsub.v. VERI-1328
INFO - synthesis: c:/lscc/radiant/2.2/ip/pmi/pmi_multaddsub.v(52): analyzing included file c:/lscc/radiant/2.2/ip/pmi/../common/mult_add_sub/rtl/lscc_mult_add_sub.v. VERI-1328
INFO - synthesis: c:/lscc/radiant/2.2/ip/pmi/pmi_ice40up.v(10): analyzing included file c:/lscc/radiant/2.2/ip/pmi/pmi_mult.v. VERI-1328
INFO - synthesis: c:/lscc/radiant/2.2/ip/pmi/pmi_mult.v(51): analyzing included file c:/lscc/radiant/2.2/ip/pmi/../common/multiplier/rtl/lscc_multiplier.v. VERI-1328
INFO - synthesis: c:/lscc/radiant/2.2/ip/pmi/pmi_ice40up.v(11): analyzing included file c:/lscc/radiant/2.2/ip/pmi/pmi_ram_dp.v. VERI-1328
INFO - synthesis: c:/lscc/radiant/2.2/ip/pmi/pmi_ram_dp.v(48): analyzing included file c:/lscc/radiant/2.2/ip/pmi/../common/ram_dp/rtl/lscc_ram_dp.v. VERI-1328
INFO - synthesis: c:/lscc/radiant/2.2/ip/pmi/pmi_ice40up.v(12): analyzing included file c:/lscc/radiant/2.2/ip/pmi/pmi_ram_dq.v. VERI-1328
INFO - synthesis: c:/lscc/radiant/2.2/ip/pmi/pmi_ram_dq.v(45): analyzing included file c:/lscc/radiant/2.2/ip/pmi/../common/ram_dq/rtl/lscc_ram_dq.v. VERI-1328
INFO - synthesis: c:/lscc/radiant/2.2/ip/pmi/pmi_ice40up.v(13): analyzing included file c:/lscc/radiant/2.2/ip/pmi/pmi_rom.v. VERI-1328
INFO - synthesis: c:/lscc/radiant/2.2/ip/pmi/pmi_rom.v(45): analyzing included file c:/lscc/radiant/2.2/ip/pmi/../common/rom/rtl/lscc_rom.v. VERI-1328
INFO - synthesis: c:/lscc/radiant/2.2/ip/pmi/pmi_ice40up.v(14): analyzing included file c:/lscc/radiant/2.2/ip/pmi/pmi_sub.v. VERI-1328
INFO - synthesis: c:/lscc/radiant/2.2/ip/pmi/pmi_sub.v(50): analyzing included file c:/lscc/radiant/2.2/ip/pmi/../common/subtractor/rtl/lscc_subtractor.v. VERI-1328
INFO - synthesis: c:/lscc/radiant/2.2/ip/pmi/pmi_ice40up.v(15): analyzing included file c:/lscc/radiant/2.2/ip/pmi/pmi_ram_dp_be.v. VERI-1328
INFO - synthesis: c:/lscc/radiant/2.2/ip/pmi/pmi_ram_dp_be.v(49): analyzing included file c:/lscc/radiant/2.2/ip/pmi/../common/ram_dp/rtl/lscc_ram_dp.v. VERI-1328
INFO - synthesis: c:/lscc/radiant/2.2/ip/pmi/pmi_ice40up.v(16): analyzing included file c:/lscc/radiant/2.2/ip/pmi/pmi_ram_dq_be.v. VERI-1328
INFO - synthesis: c:/lscc/radiant/2.2/ip/pmi/pmi_ram_dq_be.v(45): analyzing included file c:/lscc/radiant/2.2/ip/pmi/../common/ram_dq/rtl/lscc_ram_dq.v. VERI-1328
INFO - synthesis: c:/lscc/radiant/2.2/ip/pmi/pmi_ice40up.v(17): analyzing included file c:/lscc/radiant/2.2/ip/pmi/pmi_dsp.v. VERI-1328
Analyzing VHDL file c:/lscc/radiant/2.2/ip/pmi/pmi_ice40up.vhd. VHDL-1481
Analyzing VHDL file c:/lscc/radiant/2.2/ip/pmi/pmi_ice40up.vhd

INFO - synthesis: c:/lscc/radiant/2.2/ip/pmi/pmi_ice40up.vhd(4): analyzing package components. VHDL-1014
Analyzing VHDL file c:/users/fonar/documents/cs remote/es4/fpga_spi_peripheral/spi/source/impl_1/spi_peripheral.vhd. VHDL-1481
Analyzing VHDL file c:/users/fonar/documents/cs remote/es4/fpga_spi_peripheral/spi/source/impl_1/spi_peripheral.vhd

INFO - synthesis: c:/users/fonar/documents/cs remote/es4/fpga_spi_peripheral/spi/source/impl_1/spi_peripheral.vhd(5): analyzing entity peripheral. VHDL-1012
INFO - synthesis: c:/users/fonar/documents/cs remote/es4/fpga_spi_peripheral/spi/source/impl_1/spi_peripheral.vhd(18): analyzing architecture synth. VHDL-1010
INFO - synthesis: The default VHDL library search path is now "C:/Users/fonar/Documents/CS Remote/es4/fpga_spi_peripheral/SPI/impl_1". VHDL-1504
Top module language type = VHDL.
unit peripheral is not yet analyzed. VHDL-1485
Top module name (VHDL, mixed language): peripheral
                                                         


### Number of Logic Cells: 5280


### Number of RAM Blocks: 30


### Number of DSP Blocks: 8


### Number of PLLs: 1


### Number of IO Pins: 56


##########################################################


                                                         





WARNING - synthesis: Initial value found on instance s_i1 will be ignored.
INFO - synthesis: Special Primitives IFD1P3AZ and OFD1P3AZ for ThunderPlus are synthesized using IOL_B.

################### Begin Area Report (peripheral)######################
Number of register bits => 21 of 5280 (0 % )
FD1P3XZ => 21
HSOSC_CORE => 1
IB => 4
IOL_B => 2
LUT4 => 38
OB => 11
################### End Area Report ##################
Number of odd-length carry chains : 0
Number of even-length carry chains : 0

################### Begin Clock Report ######################
Clock Nets
Number of Clocks: 1
  Net : clk, loads : 0
Clock Enable Nets
Number of Clock Enables: 0
Highest fanout non-clock nets
Top 10 highest fanout non-clock nets:
  Net : reset_c, loads : 19
  Net : s[0], loads : 17
  Net : CS_c, loads : 16
  Net : n314, loads : 12
  Net : s[1], loads : 8
  Net : clk_enable_2, loads : 6
  Net : byte_counter[1], loads : 5
  Net : n318, loads : 5
  Net : n495, loads : 5
  Net : controller_clk_last, loads : 4
################### End Clock Report ##################

Peak Memory Usage: 95 MB

--------------------------------------------------------------
Total CPU Time: 1 secs 
Total REAL Time: 0 secs 
--------------------------------------------------------------
